Arguments: 
  C:\Program Files\nodejs\node.exe C:\Users\yoriKenny\AppData\Roaming\npm\node_modules\yarn\bin\yarn.js add egg-mysql --save

PATH: 
  C:\Program Files\Git\mingw64\bin;C:\Program Files\Git\usr\bin;C:\Users\yoriKenny\bin;C:\Program Files (x86)\Common Files\Oracle\Java\javapath;C:\WINDOWS\system32;C:\WINDOWS;C:\WINDOWS\System32\Wbem;C:\WINDOWS\System32\WindowsPowerShell\v1.0;C:\WINDOWS\System32\OpenSSH;C:\Program Files\Git\cmd;C:\Program Files\TortoiseGit\bin;C:\Program Files\Java\jdk1.8.0_311\bi;C:\Program Files\Java\jdk1.8.0_311\jre\bin;.;D:\software\cmder_mini;%NVM_HOME%;%NVM_SYMLINK%;C:\Users\yoriKenny\AppData\Local\Microsoft\WindowsApps;C:\Users\yoriKenny\AppData\Local\Programs\Microsoft VS Code\bin;C:\Users\yoriKenny\AppData\Roaming\npm;C:\Users\yoriKenny\AppData\Roaming\nvm;C:\Program Files\nodejs;C:\Program Files\Bandizip;C:\Users\yoriKenny\AppData\Local\Programs\Fiddler

Yarn version: 
  1.22.17

Node version: 
  14.16.1

Platform: 
  win32 x64

Trace: 
  Error: ENOENT: no such file or directory, copyfile 'C:\Users\yoriKenny\AppData\Local\Yarn\Cache\v6\npm-js-tokens-4.0.0-19203fb59991df98e3a287050d4647cdeaf32499-integrity\node_modules\js-tokens\CHANGELOG.md' -> 'D:\code_commit\puppy\vision-egg-serve\node_modules\@babel\template\node_modules\js-tokens\CHANGELOG.md'

npm manifest: 
  {
    "name": "vision-egg-serve",
    "version": "1.0.0",
    "description": "a egg serve app",
    "private": true,
    "egg": {
      "typescript": true,
      "declarations": true
    },
    "scripts": {
      "start": "egg-scripts start --daemon --title=egg-server-vision-egg-serve",
      "stop": "egg-scripts stop --title=egg-server-vision-egg-serve",
      "dev": "egg-bin dev",
      "debug": "egg-bin debug",
      "test-local": "egg-bin test",
      "test": "npm run lint -- --fix && npm run test-local",
      "cov": "egg-bin cov",
      "tsc": "ets && tsc -p tsconfig.json",
      "ci": "npm run lint && npm run cov && npm run tsc",
      "autod": "autod",
      "lint": "eslint . --ext .ts",
      "clean": "ets clean"
    },
    "dependencies": {
      "egg": "^2.6.1",
      "egg-scripts": "^2.6.0"
    },
    "devDependencies": {
      "@types/mocha": "^2.2.40",
      "@types/node": "^7.0.12",
      "@types/supertest": "^2.0.0",
      "autod": "^3.0.1",
      "autod-egg": "^1.1.0",
      "egg-ci": "^1.8.0",
      "egg-bin": "^4.11.0",
      "egg-mock": "^3.16.0",
      "tslib": "^1.9.0",
      "eslint": "^6.7.2",
      "eslint-config-egg": "^8.0.0",
      "typescript": "^3.0.0"
    },
    "engines": {
      "node": ">=8.9.0"
    },
    "ci": {
      "version": "8"
    },
    "repository": {
      "type": "git",
      "url": ""
    },
    "eslintIgnore": ["coverage"],
    "author": "yoriKenny",
    "license": "MIT"
  }

yarn manifest: 
  No manifest

Lockfile: 
  No lockfile
